2016-03-02 13:08:28 [10.0.21.210][-][kfae2np3vion0dtb1j6jl1v0dfgkbet4avsidnprks13gg7krtl1][error][yii\db\Exception] exception 'PDOException' with message 'SQLSTATE[HY000] [1045] Access denied for user 'root'@'localhost' (using password: NO)' in /srv/www/htdocs/warehouse/warehouse/war/vendor/yiisoft/yii2/db/Connection.php:600
Stack trace:
#0 /srv/www/htdocs/warehouse/warehouse/war/vendor/yiisoft/yii2/db/Connection.php(600): PDO->__construct('mysql:host=loca...', 'root', '', NULL)
#1 /srv/www/htdocs/warehouse/warehouse/war/vendor/yiisoft/yii2/db/Connection.php(542): yii\db\Connection->createPdoInstance()
#2 /srv/www/htdocs/warehouse/warehouse/war/vendor/yiisoft/yii2/db/Connection.php(858): yii\db\Connection->open()
#3 /srv/www/htdocs/warehouse/warehouse/war/vendor/yiisoft/yii2/db/Connection.php(845): yii\db\Connection->getMasterPdo()
#4 /srv/www/htdocs/warehouse/warehouse/war/vendor/yiisoft/yii2/db/Command.php(219): yii\db\Connection->getSlavePdo()
#5 /srv/www/htdocs/warehouse/warehouse/war/vendor/yiisoft/yii2/db/Command.php(834): yii\db\Command->prepare('<span class="ke...')
#6 /srv/www/htdocs/warehouse/warehouse/war/vendor/yiisoft/yii2/db/Command.php(376): yii\db\Command->queryInternal('<span class="st...', '<span class="ke...')
#7 /srv/www/htdocs/warehouse/warehouse/war/vendor/yiisoft/yii2/db/Query.php(247): yii\db\Command->queryOne()
#8 /srv/www/htdocs/warehouse/warehouse/war/vendor/yiisoft/yii2/db/ActiveQuery.php(290): yii\db\Query->one('<span class="ke...')
#9 /srv/www/htdocs/warehouse/warehouse/war/vendor/yiisoft/yii2/db/BaseActiveRecord.php(102): yii\db\ActiveQuery->one()
#10 /srv/www/htdocs/warehouse/warehouse/war/common/models/User.php(63): yii\db\BaseActiveRecord::findOne('[<span class="s...')
#11 /srv/www/htdocs/warehouse/warehouse/war/vendor/yiisoft/yii2/web/User.php(614): common\models\User::findIdentity('<span class="nu...')
#12 /srv/www/htdocs/warehouse/warehouse/war/vendor/yiisoft/yii2/web/User.php(176): yii\web\User->renewAuthStatus()
#13 /srv/www/htdocs/warehouse/warehouse/war/vendor/yiisoft/yii2/web/User.php(346): yii\web\User->getIdentity()
#14 /srv/www/htdocs/warehouse/warehouse/war/vendor/yiisoft/yii2/base/Component.php(130): yii\web\User->getIsGuest()
#15 /srv/www/htdocs/warehouse/warehouse/war/frontend/views/layouts/main.php(42): yii\base\Component->__get('<span class="st...')
#16 /srv/www/htdocs/warehouse/warehouse/war/vendor/yiisoft/yii2/base/View.php(325): require('/srv/www/htdocs...')
#17 /srv/www/htdocs/warehouse/warehouse/war/vendor/yiisoft/yii2/base/View.php(247): yii\base\View->renderPhpFile('<span class="st...', '[<span class="s...')
#18 /srv/www/htdocs/warehouse/warehouse/war/vendor/yiisoft/yii2/base/Controller.php(392): yii\base\View->renderFile('<span class="st...', '[<span class="s...', Object(frontend\controllers\SiteController))
#19 /srv/www/htdocs/warehouse/warehouse/war/vendor/yiisoft/yii2/base/Controller.php(378): yii\base\Controller->renderContent('<span class="st...')
#20 /srv/www/htdocs/warehouse/warehouse/war/frontend/controllers/SiteController.php(75): yii\base\Controller->render('<span class="st...')
#21 [internal function]: frontend\controllers\SiteController->actionIndex()
#22 /srv/www/htdocs/warehouse/warehouse/war/vendor/yiisoft/yii2/base/InlineAction.php(55): call_user_func_array('[<span class="t...', '[]')
#23 /srv/www/htdocs/warehouse/warehouse/war/vendor/yiisoft/yii2/base/Controller.php(154): yii\base\InlineAction->runWithParams('[]')
#24 /srv/www/htdocs/warehouse/warehouse/war/vendor/yiisoft/yii2/base/Module.php(454): yii\base\Controller->runAction('<span class="st...', '[]')
#25 /srv/www/htdocs/warehouse/warehouse/war/vendor/yiisoft/yii2/web/Application.php(84): yii\base\Module->runAction('<span class="st...', '[]')
#26 /srv/www/htdocs/warehouse/warehouse/war/vendor/yiisoft/yii2/base/Application.php(375): yii\web\Application->handleRequest(Object(yii\web\Request))
#27 /srv/www/htdocs/warehouse/warehouse/war/frontend/web/index.php(18): yii\base\Application->run()
#28 {main}

Next exception 'yii\db\Exception' with message 'SQLSTATE[HY000] [1045] Access denied for user 'root'@'localhost' (using password: NO)' in /srv/www/htdocs/warehouse/warehouse/war/vendor/yiisoft/yii2/db/Connection.php:547
Stack trace:
#0 /srv/www/htdocs/warehouse/warehouse/war/vendor/yiisoft/yii2/db/Connection.php(858): yii\db\Connection->open()
#1 /srv/www/htdocs/warehouse/warehouse/war/vendor/yiisoft/yii2/db/Connection.php(845): yii\db\Connection->getMasterPdo()
#2 /srv/www/htdocs/warehouse/warehouse/war/vendor/yiisoft/yii2/db/Command.php(219): yii\db\Connection->getSlavePdo()
#3 /srv/www/htdocs/warehouse/warehouse/war/vendor/yiisoft/yii2/db/Command.php(834): yii\db\Command->prepare('<span class="ke...')
#4 /srv/www/htdocs/warehouse/warehouse/war/vendor/yiisoft/yii2/db/Command.php(376): yii\db\Command->queryInternal('<span class="st...', '<span class="ke...')
#5 /srv/www/htdocs/warehouse/warehouse/war/vendor/yiisoft/yii2/db/Query.php(247): yii\db\Command->queryOne()
#6 /srv/www/htdocs/warehouse/warehouse/war/vendor/yiisoft/yii2/db/ActiveQuery.php(290): yii\db\Query->one('<span class="ke...')
#7 /srv/www/htdocs/warehouse/warehouse/war/vendor/yiisoft/yii2/db/BaseActiveRecord.php(102): yii\db\ActiveQuery->one()
#8 /srv/www/htdocs/warehouse/warehouse/war/common/models/User.php(63): yii\db\BaseActiveRecord::findOne('[<span class="s...')
#9 /srv/www/htdocs/warehouse/warehouse/war/vendor/yiisoft/yii2/web/User.php(614): common\models\User::findIdentity('<span class="nu...')
#10 /srv/www/htdocs/warehouse/warehouse/war/vendor/yiisoft/yii2/web/User.php(176): yii\web\User->renewAuthStatus()
#11 /srv/www/htdocs/warehouse/warehouse/war/vendor/yiisoft/yii2/web/User.php(346): yii\web\User->getIdentity()
#12 /srv/www/htdocs/warehouse/warehouse/war/vendor/yiisoft/yii2/base/Component.php(130): yii\web\User->getIsGuest()
#13 /srv/www/htdocs/warehouse/warehouse/war/frontend/views/layouts/main.php(42): yii\base\Component->__get('<span class="st...')
#14 /srv/www/htdocs/warehouse/warehouse/war/vendor/yiisoft/yii2/base/View.php(325): require('/srv/www/htdocs...')
#15 /srv/www/htdocs/warehouse/warehouse/war/vendor/yiisoft/yii2/base/View.php(247): yii\base\View->renderPhpFile('<span class="st...', '[<span class="s...')
#16 /srv/www/htdocs/warehouse/warehouse/war/vendor/yiisoft/yii2/base/Controller.php(392): yii\base\View->renderFile('<span class="st...', '[<span class="s...', Object(frontend\controllers\SiteController))
#17 /srv/www/htdocs/warehouse/warehouse/war/vendor/yiisoft/yii2/base/Controller.php(378): yii\base\Controller->renderContent('<span class="st...')
#18 /srv/www/htdocs/warehouse/warehouse/war/frontend/controllers/SiteController.php(75): yii\base\Controller->render('<span class="st...')
#19 [internal function]: frontend\controllers\SiteController->actionIndex()
#20 /srv/www/htdocs/warehouse/warehouse/war/vendor/yiisoft/yii2/base/InlineAction.php(55): call_user_func_array('[<span class="t...', '[]')
#21 /srv/www/htdocs/warehouse/warehouse/war/vendor/yiisoft/yii2/base/Controller.php(154): yii\base\InlineAction->runWithParams('[]')
#22 /srv/www/htdocs/warehouse/warehouse/war/vendor/yiisoft/yii2/base/Module.php(454): yii\base\Controller->runAction('<span class="st...', '[]')
#23 /srv/www/htdocs/warehouse/warehouse/war/vendor/yiisoft/yii2/web/Application.php(84): yii\base\Module->runAction('<span class="st...', '[]')
#24 /srv/www/htdocs/warehouse/warehouse/war/vendor/yiisoft/yii2/base/Application.php(375): yii\web\Application->handleRequest(Object(yii\web\Request))
#25 /srv/www/htdocs/warehouse/warehouse/war/frontend/web/index.php(18): yii\base\Application->run()
#26 {main}
Additional Information:

2016-03-02 13:08:28 [10.0.21.210][-][kfae2np3vion0dtb1j6jl1v0dfgkbet4avsidnprks13gg7krtl1][warning][yii\debug\Module::checkAccess] Access to debugger is denied due to IP address restriction. The requesting IP address is 10.0.21.210
2016-03-02 13:08:28 [10.0.21.210][-][kfae2np3vion0dtb1j6jl1v0dfgkbet4avsidnprks13gg7krtl1][info][application] $_COOKIE = [
    '_identity' => '93b34b7be9e7459d86ed1b87150f3ce97285277828c4e132ee5bfe121d498ffba:2:{i:0;s:9:\"_identity\";i:1;s:46:\"[4,\"Evi-pPCIfFFnnJCWgmkHzN3orLptLT4f\",2592000]\";}'
    '_csrf' => '7d6d62225d1f54ee877bb7e4b076ff189ba36ebf80c5d69424464510cb705865a:2:{i:0;s:5:\"_csrf\";i:1;s:32:\"PEV6-LPV45y45LXQ0SOkoJm4pM0kR9Rl\";}'
    'PHPSESSID' => 'kfae2np3vion0dtb1j6jl1v0dfgkbet4avsidnprks13gg7krtl1'
]

$_SESSION = [
    '__flash' => []
    '__returnUrl' => '/warehouse/store/backend/web/index.php'
    '__id' => 4
    '__captcha/site/captcha' => 'xilege'
    '__captcha/site/captchacount' => 1
]

$_SERVER = [
    'HTTP_HOST' => '10.0.21.156'
    'HTTP_CONNECTION' => 'keep-alive'
    'HTTP_CACHE_CONTROL' => 'max-age=0'
    'HTTP_ACCEPT' => 'text/html,application/xhtml+xml,application/xml;q=0.9,image/webp,*/*;q=0.8'
    'HTTP_UPGRADE_INSECURE_REQUESTS' => '1'
    'HTTP_USER_AGENT' => 'Mozilla/5.0 (Windows NT 6.1; WOW64) AppleWebKit/537.36 (KHTML, like Gecko) Chrome/48.0.2564.116 Safari/537.36'
    'HTTP_ACCEPT_ENCODING' => 'gzip, deflate, sdch'
    'HTTP_ACCEPT_LANGUAGE' => 'ru-RU,ru;q=0.8,en-US;q=0.6,en;q=0.4'
    'HTTP_COOKIE' => '_identity=93b34b7be9e7459d86ed1b87150f3ce97285277828c4e132ee5bfe121d498ffba%3A2%3A%7Bi%3A0%3Bs%3A9%3A%22_identity%22%3Bi%3A1%3Bs%3A46%3A%22%5B4%2C%22Evi-pPCIfFFnnJCWgmkHzN3orLptLT4f%22%2C2592000%5D%22%3B%7D; _csrf=7d6d62225d1f54ee877bb7e4b076ff189ba36ebf80c5d69424464510cb705865a%3A2%3A%7Bi%3A0%3Bs%3A5%3A%22_csrf%22%3Bi%3A1%3Bs%3A32%3A%22PEV6-LPV45y45LXQ0SOkoJm4pM0kR9Rl%22%3B%7D; PHPSESSID=kfae2np3vion0dtb1j6jl1v0dfgkbet4avsidnprks13gg7krtl1'
    'PATH' => '/usr/local/sbin:/usr/local/bin:/usr/sbin:/usr/bin:/sbin:/bin'
    'SERVER_SIGNATURE' => ''
    'SERVER_SOFTWARE' => 'Apache'
    'SERVER_NAME' => '10.0.21.156'
    'SERVER_ADDR' => '10.0.21.156'
    'SERVER_PORT' => '80'
    'REMOTE_ADDR' => '10.0.21.210'
    'DOCUMENT_ROOT' => '/srv/www/htdocs'
    'REQUEST_SCHEME' => 'http'
    'CONTEXT_PREFIX' => ''
    'CONTEXT_DOCUMENT_ROOT' => '/srv/www/htdocs'
    'SERVER_ADMIN' => 'root@comp05'
    'SCRIPT_FILENAME' => '/srv/www/htdocs/warehouse/warehouse/war/frontend/web/index.php'
    'REMOTE_PORT' => '55318'
    'GATEWAY_INTERFACE' => 'CGI/1.1'
    'SERVER_PROTOCOL' => 'HTTP/1.1'
    'REQUEST_METHOD' => 'GET'
    'QUERY_STRING' => ''
    'REQUEST_URI' => '/warehouse/warehouse/war/frontend/web/index.php'
    'SCRIPT_NAME' => '/warehouse/warehouse/war/frontend/web/index.php'
    'PHP_SELF' => '/warehouse/warehouse/war/frontend/web/index.php'
    'REQUEST_TIME_FLOAT' => 1456924108.346
    'REQUEST_TIME' => 1456924108
]
2016-03-02 13:09:44 [10.0.21.210][4][-][warning][yii\debug\Module::checkAccess] Access to debugger is denied due to IP address restriction. The requesting IP address is 10.0.21.210
    in /srv/www/htdocs/warehouse/warehouse/war/frontend/views/layouts/main.php:79
    in /srv/www/htdocs/warehouse/warehouse/war/frontend/controllers/SiteController.php:75
2016-03-02 13:09:44 [10.0.21.210][4][-][info][application] $_COOKIE = [
    '_identity' => '93b34b7be9e7459d86ed1b87150f3ce97285277828c4e132ee5bfe121d498ffba:2:{i:0;s:9:\"_identity\";i:1;s:46:\"[4,\"Evi-pPCIfFFnnJCWgmkHzN3orLptLT4f\",2592000]\";}'
    'PHPSESSID' => 'kfae2np3vion0dtb1j6jl1v0dfgkbet4avsidnprks13gg7krtl1'
    '_csrf' => '6ca7cab51c36b8032f5f36ba19adff90d20a05ef6ab8e968084b57270d00d353a:2:{i:0;s:5:\"_csrf\";i:1;s:32:\"iIYKOmPCPVmVH6rQHskEvueXhaVzntw6\";}'
]

$_SESSION = [
    '__flash' => []
    '__returnUrl' => '/warehouse/store/backend/web/index.php'
    '__id' => 4
    '__captcha/site/captcha' => 'xilege'
    '__captcha/site/captchacount' => 1
]

$_SERVER = [
    'HTTP_HOST' => '10.0.21.156'
    'HTTP_CONNECTION' => 'keep-alive'
    'HTTP_CACHE_CONTROL' => 'max-age=0'
    'HTTP_ACCEPT' => 'text/html,application/xhtml+xml,application/xml;q=0.9,image/webp,*/*;q=0.8'
    'HTTP_UPGRADE_INSECURE_REQUESTS' => '1'
    'HTTP_USER_AGENT' => 'Mozilla/5.0 (Windows NT 6.1; WOW64) AppleWebKit/537.36 (KHTML, like Gecko) Chrome/48.0.2564.116 Safari/537.36'
    'HTTP_ACCEPT_ENCODING' => 'gzip, deflate, sdch'
    'HTTP_ACCEPT_LANGUAGE' => 'ru-RU,ru;q=0.8,en-US;q=0.6,en;q=0.4'
    'HTTP_COOKIE' => '_identity=93b34b7be9e7459d86ed1b87150f3ce97285277828c4e132ee5bfe121d498ffba%3A2%3A%7Bi%3A0%3Bs%3A9%3A%22_identity%22%3Bi%3A1%3Bs%3A46%3A%22%5B4%2C%22Evi-pPCIfFFnnJCWgmkHzN3orLptLT4f%22%2C2592000%5D%22%3B%7D; PHPSESSID=kfae2np3vion0dtb1j6jl1v0dfgkbet4avsidnprks13gg7krtl1; _csrf=6ca7cab51c36b8032f5f36ba19adff90d20a05ef6ab8e968084b57270d00d353a%3A2%3A%7Bi%3A0%3Bs%3A5%3A%22_csrf%22%3Bi%3A1%3Bs%3A32%3A%22iIYKOmPCPVmVH6rQHskEvueXhaVzntw6%22%3B%7D'
    'PATH' => '/usr/local/sbin:/usr/local/bin:/usr/sbin:/usr/bin:/sbin:/bin'
    'SERVER_SIGNATURE' => ''
    'SERVER_SOFTWARE' => 'Apache'
    'SERVER_NAME' => '10.0.21.156'
    'SERVER_ADDR' => '10.0.21.156'
    'SERVER_PORT' => '80'
    'REMOTE_ADDR' => '10.0.21.210'
    'DOCUMENT_ROOT' => '/srv/www/htdocs'
    'REQUEST_SCHEME' => 'http'
    'CONTEXT_PREFIX' => ''
    'CONTEXT_DOCUMENT_ROOT' => '/srv/www/htdocs'
    'SERVER_ADMIN' => 'root@comp05'
    'SCRIPT_FILENAME' => '/srv/www/htdocs/warehouse/warehouse/war/frontend/web/index.php'
    'REMOTE_PORT' => '55325'
    'GATEWAY_INTERFACE' => 'CGI/1.1'
    'SERVER_PROTOCOL' => 'HTTP/1.1'
    'REQUEST_METHOD' => 'GET'
    'QUERY_STRING' => ''
    'REQUEST_URI' => '/warehouse/warehouse/war/frontend/web/index.php'
    'SCRIPT_NAME' => '/warehouse/warehouse/war/frontend/web/index.php'
    'PHP_SELF' => '/warehouse/warehouse/war/frontend/web/index.php'
    'REQUEST_TIME_FLOAT' => 1456924184.058
    'REQUEST_TIME' => 1456924184
]
2016-03-02 13:10:09 [10.0.21.210][4][-][warning][yii\debug\Module::checkAccess] Access to debugger is denied due to IP address restriction. The requesting IP address is 10.0.21.210
    in /srv/www/htdocs/warehouse/warehouse/war/frontend/views/layouts/main.php:79
    in /srv/www/htdocs/warehouse/warehouse/war/frontend/controllers/SiteController.php:75
2016-03-02 13:10:09 [10.0.21.210][4][-][info][application] $_COOKIE = [
    '_identity' => '93b34b7be9e7459d86ed1b87150f3ce97285277828c4e132ee5bfe121d498ffba:2:{i:0;s:9:\"_identity\";i:1;s:46:\"[4,\"Evi-pPCIfFFnnJCWgmkHzN3orLptLT4f\",2592000]\";}'
    'PHPSESSID' => 'kfae2np3vion0dtb1j6jl1v0dfgkbet4avsidnprks13gg7krtl1'
    '_csrf' => '6ca7cab51c36b8032f5f36ba19adff90d20a05ef6ab8e968084b57270d00d353a:2:{i:0;s:5:\"_csrf\";i:1;s:32:\"iIYKOmPCPVmVH6rQHskEvueXhaVzntw6\";}'
]

$_SESSION = [
    '__flash' => []
    '__returnUrl' => '/warehouse/store/backend/web/index.php'
    '__id' => 4
    '__captcha/site/captcha' => 'xilege'
    '__captcha/site/captchacount' => 1
]

$_SERVER = [
    'HTTP_HOST' => '10.0.21.156'
    'HTTP_CONNECTION' => 'keep-alive'
    'HTTP_CACHE_CONTROL' => 'max-age=0'
    'HTTP_ACCEPT' => 'text/html,application/xhtml+xml,application/xml;q=0.9,image/webp,*/*;q=0.8'
    'HTTP_UPGRADE_INSECURE_REQUESTS' => '1'
    'HTTP_USER_AGENT' => 'Mozilla/5.0 (Windows NT 6.1; WOW64) AppleWebKit/537.36 (KHTML, like Gecko) Chrome/48.0.2564.116 Safari/537.36'
    'HTTP_ACCEPT_ENCODING' => 'gzip, deflate, sdch'
    'HTTP_ACCEPT_LANGUAGE' => 'ru-RU,ru;q=0.8,en-US;q=0.6,en;q=0.4'
    'HTTP_COOKIE' => '_identity=93b34b7be9e7459d86ed1b87150f3ce97285277828c4e132ee5bfe121d498ffba%3A2%3A%7Bi%3A0%3Bs%3A9%3A%22_identity%22%3Bi%3A1%3Bs%3A46%3A%22%5B4%2C%22Evi-pPCIfFFnnJCWgmkHzN3orLptLT4f%22%2C2592000%5D%22%3B%7D; PHPSESSID=kfae2np3vion0dtb1j6jl1v0dfgkbet4avsidnprks13gg7krtl1; _csrf=6ca7cab51c36b8032f5f36ba19adff90d20a05ef6ab8e968084b57270d00d353a%3A2%3A%7Bi%3A0%3Bs%3A5%3A%22_csrf%22%3Bi%3A1%3Bs%3A32%3A%22iIYKOmPCPVmVH6rQHskEvueXhaVzntw6%22%3B%7D'
    'PATH' => '/usr/local/sbin:/usr/local/bin:/usr/sbin:/usr/bin:/sbin:/bin'
    'SERVER_SIGNATURE' => ''
    'SERVER_SOFTWARE' => 'Apache'
    'SERVER_NAME' => '10.0.21.156'
    'SERVER_ADDR' => '10.0.21.156'
    'SERVER_PORT' => '80'
    'REMOTE_ADDR' => '10.0.21.210'
    'DOCUMENT_ROOT' => '/srv/www/htdocs'
    'REQUEST_SCHEME' => 'http'
    'CONTEXT_PREFIX' => ''
    'CONTEXT_DOCUMENT_ROOT' => '/srv/www/htdocs'
    'SERVER_ADMIN' => 'root@comp05'
    'SCRIPT_FILENAME' => '/srv/www/htdocs/warehouse/warehouse/war/frontend/web/index.php'
    'REMOTE_PORT' => '55330'
    'GATEWAY_INTERFACE' => 'CGI/1.1'
    'SERVER_PROTOCOL' => 'HTTP/1.1'
    'REQUEST_METHOD' => 'GET'
    'QUERY_STRING' => ''
    'REQUEST_URI' => '/warehouse/warehouse/war/frontend/web/index.php'
    'SCRIPT_NAME' => '/warehouse/warehouse/war/frontend/web/index.php'
    'PHP_SELF' => '/warehouse/warehouse/war/frontend/web/index.php'
    'REQUEST_TIME_FLOAT' => 1456924209.528
    'REQUEST_TIME' => 1456924209
]
2016-03-02 13:12:49 [10.0.21.210][4][-][warning][yii\debug\Module::checkAccess] Access to debugger is denied due to IP address restriction. The requesting IP address is 10.0.21.210
    in /srv/www/htdocs/warehouse/warehouse/war/frontend/views/layouts/main.php:79
    in /srv/www/htdocs/warehouse/warehouse/war/frontend/controllers/SiteController.php:75
2016-03-02 13:12:49 [10.0.21.210][4][-][info][application] $_COOKIE = [
    '_identity' => '93b34b7be9e7459d86ed1b87150f3ce97285277828c4e132ee5bfe121d498ffba:2:{i:0;s:9:\"_identity\";i:1;s:46:\"[4,\"Evi-pPCIfFFnnJCWgmkHzN3orLptLT4f\",2592000]\";}'
    'PHPSESSID' => 'kfae2np3vion0dtb1j6jl1v0dfgkbet4avsidnprks13gg7krtl1'
    '_csrf' => '6ca7cab51c36b8032f5f36ba19adff90d20a05ef6ab8e968084b57270d00d353a:2:{i:0;s:5:\"_csrf\";i:1;s:32:\"iIYKOmPCPVmVH6rQHskEvueXhaVzntw6\";}'
]

$_SESSION = [
    '__flash' => []
    '__returnUrl' => '/warehouse/store/backend/web/index.php'
    '__id' => 4
    '__captcha/site/captcha' => 'xilege'
    '__captcha/site/captchacount' => 1
]

$_SERVER = [
    'HTTP_HOST' => '10.0.21.156'
    'HTTP_CONNECTION' => 'keep-alive'
    'HTTP_ACCEPT' => 'text/html,application/xhtml+xml,application/xml;q=0.9,image/webp,*/*;q=0.8'
    'HTTP_UPGRADE_INSECURE_REQUESTS' => '1'
    'HTTP_USER_AGENT' => 'Mozilla/5.0 (Windows NT 6.1; WOW64) AppleWebKit/537.36 (KHTML, like Gecko) Chrome/48.0.2564.116 Safari/537.36'
    'HTTP_ACCEPT_ENCODING' => 'gzip, deflate, sdch'
    'HTTP_ACCEPT_LANGUAGE' => 'ru-RU,ru;q=0.8,en-US;q=0.6,en;q=0.4'
    'HTTP_COOKIE' => '_identity=93b34b7be9e7459d86ed1b87150f3ce97285277828c4e132ee5bfe121d498ffba%3A2%3A%7Bi%3A0%3Bs%3A9%3A%22_identity%22%3Bi%3A1%3Bs%3A46%3A%22%5B4%2C%22Evi-pPCIfFFnnJCWgmkHzN3orLptLT4f%22%2C2592000%5D%22%3B%7D; PHPSESSID=kfae2np3vion0dtb1j6jl1v0dfgkbet4avsidnprks13gg7krtl1; _csrf=6ca7cab51c36b8032f5f36ba19adff90d20a05ef6ab8e968084b57270d00d353a%3A2%3A%7Bi%3A0%3Bs%3A5%3A%22_csrf%22%3Bi%3A1%3Bs%3A32%3A%22iIYKOmPCPVmVH6rQHskEvueXhaVzntw6%22%3B%7D'
    'PATH' => '/usr/local/sbin:/usr/local/bin:/usr/sbin:/usr/bin:/sbin:/bin'
    'SERVER_SIGNATURE' => ''
    'SERVER_SOFTWARE' => 'Apache'
    'SERVER_NAME' => '10.0.21.156'
    'SERVER_ADDR' => '10.0.21.156'
    'SERVER_PORT' => '80'
    'REMOTE_ADDR' => '10.0.21.210'
    'DOCUMENT_ROOT' => '/srv/www/htdocs'
    'REQUEST_SCHEME' => 'http'
    'CONTEXT_PREFIX' => ''
    'CONTEXT_DOCUMENT_ROOT' => '/srv/www/htdocs'
    'SERVER_ADMIN' => 'root@comp05'
    'SCRIPT_FILENAME' => '/srv/www/htdocs/warehouse/warehouse/war/frontend/web/index.php'
    'REMOTE_PORT' => '55349'
    'GATEWAY_INTERFACE' => 'CGI/1.1'
    'SERVER_PROTOCOL' => 'HTTP/1.1'
    'REQUEST_METHOD' => 'GET'
    'QUERY_STRING' => ''
    'REQUEST_URI' => '/warehouse/warehouse/war/frontend/web/'
    'SCRIPT_NAME' => '/warehouse/warehouse/war/frontend/web/index.php'
    'PHP_SELF' => '/warehouse/warehouse/war/frontend/web/index.php'
    'REQUEST_TIME_FLOAT' => 1456924369.559
    'REQUEST_TIME' => 1456924369
]
2016-03-02 13:13:21 [10.0.21.210][4][kfae2np3vion0dtb1j6jl1v0dfgkbet4avsidnprks13gg7krtl1][error][yii\web\HttpException:404] exception 'yii\base\InvalidRouteException' with message 'Unable to resolve the request "warehouse/warehouse/war/frontend/web/".' in /srv/www/htdocs/warehouse/warehouse/war/vendor/yiisoft/yii2/base/Module.php:460
Stack trace:
#0 /srv/www/htdocs/warehouse/warehouse/war/vendor/yiisoft/yii2/web/Application.php(84): yii\base\Module->runAction('warehouse/wareh...', Array)
#1 /srv/www/htdocs/warehouse/warehouse/war/vendor/yiisoft/yii2/base/Application.php(375): yii\web\Application->handleRequest(Object(yii\web\Request))
#2 /srv/www/htdocs/warehouse/warehouse/war/frontend/web/index.php(18): yii\base\Application->run()
#3 {main}

Next exception 'yii\web\NotFoundHttpException' with message 'Page not found.' in /srv/www/htdocs/warehouse/warehouse/war/vendor/yiisoft/yii2/web/Application.php:96
Stack trace:
#0 /srv/www/htdocs/warehouse/warehouse/war/vendor/yiisoft/yii2/base/Application.php(375): yii\web\Application->handleRequest(Object(yii\web\Request))
#1 /srv/www/htdocs/warehouse/warehouse/war/frontend/web/index.php(18): yii\base\Application->run()
#2 {main}
2016-03-02 13:13:21 [10.0.21.210][4][kfae2np3vion0dtb1j6jl1v0dfgkbet4avsidnprks13gg7krtl1][warning][yii\debug\Module::checkAccess] Access to debugger is denied due to IP address restriction. The requesting IP address is 10.0.21.210
    in /srv/www/htdocs/warehouse/warehouse/war/frontend/views/layouts/main.php:79
2016-03-02 13:13:21 [10.0.21.210][4][kfae2np3vion0dtb1j6jl1v0dfgkbet4avsidnprks13gg7krtl1][info][application] $_COOKIE = [
    '_identity' => '93b34b7be9e7459d86ed1b87150f3ce97285277828c4e132ee5bfe121d498ffba:2:{i:0;s:9:\"_identity\";i:1;s:46:\"[4,\"Evi-pPCIfFFnnJCWgmkHzN3orLptLT4f\",2592000]\";}'
    'PHPSESSID' => 'kfae2np3vion0dtb1j6jl1v0dfgkbet4avsidnprks13gg7krtl1'
    '_csrf' => '6ca7cab51c36b8032f5f36ba19adff90d20a05ef6ab8e968084b57270d00d353a:2:{i:0;s:5:\"_csrf\";i:1;s:32:\"iIYKOmPCPVmVH6rQHskEvueXhaVzntw6\";}'
]

$_SESSION = [
    '__flash' => []
    '__returnUrl' => '/warehouse/store/backend/web/index.php'
    '__id' => 4
    '__captcha/site/captcha' => 'xilege'
    '__captcha/site/captchacount' => 1
]

$_SERVER = [
    'HTTP_HOST' => '10.0.21.156'
    'HTTP_CONNECTION' => 'keep-alive'
    'HTTP_CACHE_CONTROL' => 'max-age=0'
    'HTTP_ACCEPT' => 'text/html,application/xhtml+xml,application/xml;q=0.9,image/webp,*/*;q=0.8'
    'HTTP_UPGRADE_INSECURE_REQUESTS' => '1'
    'HTTP_USER_AGENT' => 'Mozilla/5.0 (Windows NT 6.1; WOW64) AppleWebKit/537.36 (KHTML, like Gecko) Chrome/48.0.2564.116 Safari/537.36'
    'HTTP_ACCEPT_ENCODING' => 'gzip, deflate, sdch'
    'HTTP_ACCEPT_LANGUAGE' => 'ru-RU,ru;q=0.8,en-US;q=0.6,en;q=0.4'
    'HTTP_COOKIE' => '_identity=93b34b7be9e7459d86ed1b87150f3ce97285277828c4e132ee5bfe121d498ffba%3A2%3A%7Bi%3A0%3Bs%3A9%3A%22_identity%22%3Bi%3A1%3Bs%3A46%3A%22%5B4%2C%22Evi-pPCIfFFnnJCWgmkHzN3orLptLT4f%22%2C2592000%5D%22%3B%7D; PHPSESSID=kfae2np3vion0dtb1j6jl1v0dfgkbet4avsidnprks13gg7krtl1; _csrf=6ca7cab51c36b8032f5f36ba19adff90d20a05ef6ab8e968084b57270d00d353a%3A2%3A%7Bi%3A0%3Bs%3A5%3A%22_csrf%22%3Bi%3A1%3Bs%3A32%3A%22iIYKOmPCPVmVH6rQHskEvueXhaVzntw6%22%3B%7D'
    'PATH' => '/usr/local/sbin:/usr/local/bin:/usr/sbin:/usr/bin:/sbin:/bin'
    'SERVER_SIGNATURE' => ''
    'SERVER_SOFTWARE' => 'Apache'
    'SERVER_NAME' => '10.0.21.156'
    'SERVER_ADDR' => '10.0.21.156'
    'SERVER_PORT' => '80'
    'REMOTE_ADDR' => '10.0.21.210'
    'DOCUMENT_ROOT' => '/srv/www/htdocs'
    'REQUEST_SCHEME' => 'http'
    'CONTEXT_PREFIX' => ''
    'CONTEXT_DOCUMENT_ROOT' => '/srv/www/htdocs'
    'SERVER_ADMIN' => 'root@comp05'
    'SCRIPT_FILENAME' => '/srv/www/htdocs/warehouse/warehouse/war/frontend/web/index.php'
    'REMOTE_PORT' => '55352'
    'GATEWAY_INTERFACE' => 'CGI/1.1'
    'SERVER_PROTOCOL' => 'HTTP/1.1'
    'REQUEST_METHOD' => 'GET'
    'QUERY_STRING' => ''
    'REQUEST_URI' => '/warehouse/warehouse/war/frontend/web/'
    'SCRIPT_NAME' => '/warehouse/warehouse/war/frontend/web/index.php'
    'PHP_SELF' => '/warehouse/warehouse/war/frontend/web/index.php'
    'REQUEST_TIME_FLOAT' => 1456924401.429
    'REQUEST_TIME' => 1456924401
]
2016-03-02 13:13:28 [10.0.21.210][4][-][warning][yii\debug\Module::checkAccess] Access to debugger is denied due to IP address restriction. The requesting IP address is 10.0.21.210
    in /srv/www/htdocs/warehouse/warehouse/war/frontend/views/layouts/main.php:79
    in /srv/www/htdocs/warehouse/warehouse/war/frontend/controllers/SiteController.php:75
2016-03-02 13:13:28 [10.0.21.210][4][-][info][application] $_COOKIE = [
    '_identity' => '93b34b7be9e7459d86ed1b87150f3ce97285277828c4e132ee5bfe121d498ffba:2:{i:0;s:9:\"_identity\";i:1;s:46:\"[4,\"Evi-pPCIfFFnnJCWgmkHzN3orLptLT4f\",2592000]\";}'
    'PHPSESSID' => 'kfae2np3vion0dtb1j6jl1v0dfgkbet4avsidnprks13gg7krtl1'
    '_csrf' => '6ca7cab51c36b8032f5f36ba19adff90d20a05ef6ab8e968084b57270d00d353a:2:{i:0;s:5:\"_csrf\";i:1;s:32:\"iIYKOmPCPVmVH6rQHskEvueXhaVzntw6\";}'
]

$_SESSION = [
    '__flash' => []
    '__returnUrl' => '/warehouse/store/backend/web/index.php'
    '__id' => 4
    '__captcha/site/captcha' => 'xilege'
    '__captcha/site/captchacount' => 1
]

$_SERVER = [
    'HTTP_HOST' => '10.0.21.156'
    'HTTP_CONNECTION' => 'keep-alive'
    'HTTP_ACCEPT' => 'text/html,application/xhtml+xml,application/xml;q=0.9,image/webp,*/*;q=0.8'
    'HTTP_UPGRADE_INSECURE_REQUESTS' => '1'
    'HTTP_USER_AGENT' => 'Mozilla/5.0 (Windows NT 6.1; WOW64) AppleWebKit/537.36 (KHTML, like Gecko) Chrome/48.0.2564.116 Safari/537.36'
    'HTTP_ACCEPT_ENCODING' => 'gzip, deflate, sdch'
    'HTTP_ACCEPT_LANGUAGE' => 'ru-RU,ru;q=0.8,en-US;q=0.6,en;q=0.4'
    'HTTP_COOKIE' => '_identity=93b34b7be9e7459d86ed1b87150f3ce97285277828c4e132ee5bfe121d498ffba%3A2%3A%7Bi%3A0%3Bs%3A9%3A%22_identity%22%3Bi%3A1%3Bs%3A46%3A%22%5B4%2C%22Evi-pPCIfFFnnJCWgmkHzN3orLptLT4f%22%2C2592000%5D%22%3B%7D; PHPSESSID=kfae2np3vion0dtb1j6jl1v0dfgkbet4avsidnprks13gg7krtl1; _csrf=6ca7cab51c36b8032f5f36ba19adff90d20a05ef6ab8e968084b57270d00d353a%3A2%3A%7Bi%3A0%3Bs%3A5%3A%22_csrf%22%3Bi%3A1%3Bs%3A32%3A%22iIYKOmPCPVmVH6rQHskEvueXhaVzntw6%22%3B%7D'
    'PATH' => '/usr/local/sbin:/usr/local/bin:/usr/sbin:/usr/bin:/sbin:/bin'
    'SERVER_SIGNATURE' => ''
    'SERVER_SOFTWARE' => 'Apache'
    'SERVER_NAME' => '10.0.21.156'
    'SERVER_ADDR' => '10.0.21.156'
    'SERVER_PORT' => '80'
    'REMOTE_ADDR' => '10.0.21.210'
    'DOCUMENT_ROOT' => '/srv/www/htdocs'
    'REQUEST_SCHEME' => 'http'
    'CONTEXT_PREFIX' => ''
    'CONTEXT_DOCUMENT_ROOT' => '/srv/www/htdocs'
    'SERVER_ADMIN' => 'root@comp05'
    'SCRIPT_FILENAME' => '/srv/www/htdocs/warehouse/warehouse/war/frontend/web/index.php'
    'REMOTE_PORT' => '55353'
    'GATEWAY_INTERFACE' => 'CGI/1.1'
    'SERVER_PROTOCOL' => 'HTTP/1.1'
    'REQUEST_METHOD' => 'GET'
    'QUERY_STRING' => ''
    'REQUEST_URI' => '/warehouse/warehouse/war/frontend/web/index.php'
    'SCRIPT_NAME' => '/warehouse/warehouse/war/frontend/web/index.php'
    'PHP_SELF' => '/warehouse/warehouse/war/frontend/web/index.php'
    'REQUEST_TIME_FLOAT' => 1456924408.638
    'REQUEST_TIME' => 1456924408
]
2016-03-02 13:13:57 [10.0.21.210][4][-][warning][yii\debug\Module::checkAccess] Access to debugger is denied due to IP address restriction. The requesting IP address is 10.0.21.210
    in /srv/www/htdocs/warehouse/warehouse/war/frontend/views/layouts/main.php:79
    in /srv/www/htdocs/warehouse/warehouse/war/frontend/controllers/SiteController.php:75
2016-03-02 13:13:57 [10.0.21.210][4][-][info][application] $_COOKIE = [
    '_identity' => '93b34b7be9e7459d86ed1b87150f3ce97285277828c4e132ee5bfe121d498ffba:2:{i:0;s:9:\"_identity\";i:1;s:46:\"[4,\"Evi-pPCIfFFnnJCWgmkHzN3orLptLT4f\",2592000]\";}'
    'PHPSESSID' => 'kfae2np3vion0dtb1j6jl1v0dfgkbet4avsidnprks13gg7krtl1'
    '_csrf' => '6ca7cab51c36b8032f5f36ba19adff90d20a05ef6ab8e968084b57270d00d353a:2:{i:0;s:5:\"_csrf\";i:1;s:32:\"iIYKOmPCPVmVH6rQHskEvueXhaVzntw6\";}'
]

$_SESSION = [
    '__flash' => []
    '__returnUrl' => '/warehouse/store/backend/web/index.php'
    '__id' => 4
    '__captcha/site/captcha' => 'xilege'
    '__captcha/site/captchacount' => 1
]

$_SERVER = [
    'HTTP_HOST' => '10.0.21.156'
    'HTTP_CONNECTION' => 'keep-alive'
    'HTTP_CACHE_CONTROL' => 'max-age=0'
    'HTTP_ACCEPT' => 'text/html,application/xhtml+xml,application/xml;q=0.9,image/webp,*/*;q=0.8'
    'HTTP_UPGRADE_INSECURE_REQUESTS' => '1'
    'HTTP_USER_AGENT' => 'Mozilla/5.0 (Windows NT 6.1; WOW64) AppleWebKit/537.36 (KHTML, like Gecko) Chrome/48.0.2564.116 Safari/537.36'
    'HTTP_ACCEPT_ENCODING' => 'gzip, deflate, sdch'
    'HTTP_ACCEPT_LANGUAGE' => 'ru-RU,ru;q=0.8,en-US;q=0.6,en;q=0.4'
    'HTTP_COOKIE' => '_identity=93b34b7be9e7459d86ed1b87150f3ce97285277828c4e132ee5bfe121d498ffba%3A2%3A%7Bi%3A0%3Bs%3A9%3A%22_identity%22%3Bi%3A1%3Bs%3A46%3A%22%5B4%2C%22Evi-pPCIfFFnnJCWgmkHzN3orLptLT4f%22%2C2592000%5D%22%3B%7D; PHPSESSID=kfae2np3vion0dtb1j6jl1v0dfgkbet4avsidnprks13gg7krtl1; _csrf=6ca7cab51c36b8032f5f36ba19adff90d20a05ef6ab8e968084b57270d00d353a%3A2%3A%7Bi%3A0%3Bs%3A5%3A%22_csrf%22%3Bi%3A1%3Bs%3A32%3A%22iIYKOmPCPVmVH6rQHskEvueXhaVzntw6%22%3B%7D'
    'PATH' => '/usr/local/sbin:/usr/local/bin:/usr/sbin:/usr/bin:/sbin:/bin'
    'SERVER_SIGNATURE' => ''
    'SERVER_SOFTWARE' => 'Apache'
    'SERVER_NAME' => '10.0.21.156'
    'SERVER_ADDR' => '10.0.21.156'
    'SERVER_PORT' => '80'
    'REMOTE_ADDR' => '10.0.21.210'
    'DOCUMENT_ROOT' => '/srv/www/htdocs'
    'REQUEST_SCHEME' => 'http'
    'CONTEXT_PREFIX' => ''
    'CONTEXT_DOCUMENT_ROOT' => '/srv/www/htdocs'
    'SERVER_ADMIN' => 'root@comp05'
    'SCRIPT_FILENAME' => '/srv/www/htdocs/warehouse/warehouse/war/frontend/web/index.php'
    'REMOTE_PORT' => '55358'
    'GATEWAY_INTERFACE' => 'CGI/1.1'
    'SERVER_PROTOCOL' => 'HTTP/1.1'
    'REQUEST_METHOD' => 'GET'
    'QUERY_STRING' => ''
    'REQUEST_URI' => '/warehouse/warehouse/war/frontend/web/index.php'
    'SCRIPT_NAME' => '/warehouse/warehouse/war/frontend/web/index.php'
    'PHP_SELF' => '/warehouse/warehouse/war/frontend/web/index.php'
    'REQUEST_TIME_FLOAT' => 1456924437.902
    'REQUEST_TIME' => 1456924437
]
2016-03-02 13:20:01 [10.0.21.210][4][kfae2np3vion0dtb1j6jl1v0dfgkbet4avsidnprks13gg7krtl1][error][yii\web\HttpException:404] exception 'yii\base\InvalidRouteException' with message 'Unable to resolve the request "warehouse/warehouse/war/frontend/web/".' in /srv/www/htdocs/warehouse/warehouse/war/vendor/yiisoft/yii2/base/Module.php:460
Stack trace:
#0 /srv/www/htdocs/warehouse/warehouse/war/vendor/yiisoft/yii2/web/Application.php(84): yii\base\Module->runAction('warehouse/wareh...', Array)
#1 /srv/www/htdocs/warehouse/warehouse/war/vendor/yiisoft/yii2/base/Application.php(375): yii\web\Application->handleRequest(Object(yii\web\Request))
#2 /srv/www/htdocs/warehouse/warehouse/war/frontend/web/index.php(18): yii\base\Application->run()
#3 {main}

Next exception 'yii\web\NotFoundHttpException' with message 'Page not found.' in /srv/www/htdocs/warehouse/warehouse/war/vendor/yiisoft/yii2/web/Application.php:96
Stack trace:
#0 /srv/www/htdocs/warehouse/warehouse/war/vendor/yiisoft/yii2/base/Application.php(375): yii\web\Application->handleRequest(Object(yii\web\Request))
#1 /srv/www/htdocs/warehouse/warehouse/war/frontend/web/index.php(18): yii\base\Application->run()
#2 {main}
2016-03-02 13:20:01 [10.0.21.210][4][kfae2np3vion0dtb1j6jl1v0dfgkbet4avsidnprks13gg7krtl1][warning][yii\debug\Module::checkAccess] Access to debugger is denied due to IP address restriction. The requesting IP address is 10.0.21.210
    in /srv/www/htdocs/warehouse/warehouse/war/frontend/views/layouts/main.php:79
2016-03-02 13:20:01 [10.0.21.210][4][kfae2np3vion0dtb1j6jl1v0dfgkbet4avsidnprks13gg7krtl1][info][application] $_COOKIE = [
    '_identity' => '93b34b7be9e7459d86ed1b87150f3ce97285277828c4e132ee5bfe121d498ffba:2:{i:0;s:9:\"_identity\";i:1;s:46:\"[4,\"Evi-pPCIfFFnnJCWgmkHzN3orLptLT4f\",2592000]\";}'
    'PHPSESSID' => 'kfae2np3vion0dtb1j6jl1v0dfgkbet4avsidnprks13gg7krtl1'
    '_csrf' => '6ca7cab51c36b8032f5f36ba19adff90d20a05ef6ab8e968084b57270d00d353a:2:{i:0;s:5:\"_csrf\";i:1;s:32:\"iIYKOmPCPVmVH6rQHskEvueXhaVzntw6\";}'
]

$_SESSION = [
    '__flash' => []
    '__returnUrl' => '/warehouse/store/backend/web/index.php'
    '__id' => 4
    '__captcha/site/captcha' => 'xilege'
    '__captcha/site/captchacount' => 1
]

$_SERVER = [
    'HTTP_HOST' => '10.0.21.156'
    'HTTP_CONNECTION' => 'keep-alive'
    'HTTP_ACCEPT' => 'text/html,application/xhtml+xml,application/xml;q=0.9,image/webp,*/*;q=0.8'
    'HTTP_UPGRADE_INSECURE_REQUESTS' => '1'
    'HTTP_USER_AGENT' => 'Mozilla/5.0 (Windows NT 6.1; WOW64) AppleWebKit/537.36 (KHTML, like Gecko) Chrome/48.0.2564.116 Safari/537.36'
    'HTTP_ACCEPT_ENCODING' => 'gzip, deflate, sdch'
    'HTTP_ACCEPT_LANGUAGE' => 'ru-RU,ru;q=0.8,en-US;q=0.6,en;q=0.4'
    'HTTP_COOKIE' => '_identity=93b34b7be9e7459d86ed1b87150f3ce97285277828c4e132ee5bfe121d498ffba%3A2%3A%7Bi%3A0%3Bs%3A9%3A%22_identity%22%3Bi%3A1%3Bs%3A46%3A%22%5B4%2C%22Evi-pPCIfFFnnJCWgmkHzN3orLptLT4f%22%2C2592000%5D%22%3B%7D; PHPSESSID=kfae2np3vion0dtb1j6jl1v0dfgkbet4avsidnprks13gg7krtl1; _csrf=6ca7cab51c36b8032f5f36ba19adff90d20a05ef6ab8e968084b57270d00d353a%3A2%3A%7Bi%3A0%3Bs%3A5%3A%22_csrf%22%3Bi%3A1%3Bs%3A32%3A%22iIYKOmPCPVmVH6rQHskEvueXhaVzntw6%22%3B%7D'
    'PATH' => '/usr/local/sbin:/usr/local/bin:/usr/sbin:/usr/bin:/sbin:/bin'
    'SERVER_SIGNATURE' => ''
    'SERVER_SOFTWARE' => 'Apache'
    'SERVER_NAME' => '10.0.21.156'
    'SERVER_ADDR' => '10.0.21.156'
    'SERVER_PORT' => '80'
    'REMOTE_ADDR' => '10.0.21.210'
    'DOCUMENT_ROOT' => '/srv/www/htdocs'
    'REQUEST_SCHEME' => 'http'
    'CONTEXT_PREFIX' => ''
    'CONTEXT_DOCUMENT_ROOT' => '/srv/www/htdocs'
    'SERVER_ADMIN' => 'root@comp05'
    'SCRIPT_FILENAME' => '/srv/www/htdocs/warehouse/warehouse/war/frontend/web/index.php'
    'REMOTE_PORT' => '55388'
    'GATEWAY_INTERFACE' => 'CGI/1.1'
    'SERVER_PROTOCOL' => 'HTTP/1.1'
    'REQUEST_METHOD' => 'GET'
    'QUERY_STRING' => ''
    'REQUEST_URI' => '/warehouse/warehouse/war/frontend/web/'
    'SCRIPT_NAME' => '/warehouse/warehouse/war/frontend/web/index.php'
    'PHP_SELF' => '/warehouse/warehouse/war/frontend/web/index.php'
    'REQUEST_TIME_FLOAT' => 1456924801.96
    'REQUEST_TIME' => 1456924801
]
2016-03-02 13:20:07 [10.0.21.210][4][-][warning][yii\debug\Module::checkAccess] Access to debugger is denied due to IP address restriction. The requesting IP address is 10.0.21.210
    in /srv/www/htdocs/warehouse/warehouse/war/frontend/views/layouts/main.php:79
    in /srv/www/htdocs/warehouse/warehouse/war/frontend/controllers/SiteController.php:75
2016-03-02 13:20:07 [10.0.21.210][4][-][info][application] $_COOKIE = [
    '_identity' => '93b34b7be9e7459d86ed1b87150f3ce97285277828c4e132ee5bfe121d498ffba:2:{i:0;s:9:\"_identity\";i:1;s:46:\"[4,\"Evi-pPCIfFFnnJCWgmkHzN3orLptLT4f\",2592000]\";}'
    'PHPSESSID' => 'kfae2np3vion0dtb1j6jl1v0dfgkbet4avsidnprks13gg7krtl1'
    '_csrf' => '6ca7cab51c36b8032f5f36ba19adff90d20a05ef6ab8e968084b57270d00d353a:2:{i:0;s:5:\"_csrf\";i:1;s:32:\"iIYKOmPCPVmVH6rQHskEvueXhaVzntw6\";}'
]

$_SESSION = [
    '__flash' => []
    '__returnUrl' => '/warehouse/store/backend/web/index.php'
    '__id' => 4
    '__captcha/site/captcha' => 'xilege'
    '__captcha/site/captchacount' => 1
]

$_SERVER = [
    'HTTP_HOST' => '10.0.21.156'
    'HTTP_CONNECTION' => 'keep-alive'
    'HTTP_ACCEPT' => 'text/html,application/xhtml+xml,application/xml;q=0.9,image/webp,*/*;q=0.8'
    'HTTP_UPGRADE_INSECURE_REQUESTS' => '1'
    'HTTP_USER_AGENT' => 'Mozilla/5.0 (Windows NT 6.1; WOW64) AppleWebKit/537.36 (KHTML, like Gecko) Chrome/48.0.2564.116 Safari/537.36'
    'HTTP_ACCEPT_ENCODING' => 'gzip, deflate, sdch'
    'HTTP_ACCEPT_LANGUAGE' => 'ru-RU,ru;q=0.8,en-US;q=0.6,en;q=0.4'
    'HTTP_COOKIE' => '_identity=93b34b7be9e7459d86ed1b87150f3ce97285277828c4e132ee5bfe121d498ffba%3A2%3A%7Bi%3A0%3Bs%3A9%3A%22_identity%22%3Bi%3A1%3Bs%3A46%3A%22%5B4%2C%22Evi-pPCIfFFnnJCWgmkHzN3orLptLT4f%22%2C2592000%5D%22%3B%7D; PHPSESSID=kfae2np3vion0dtb1j6jl1v0dfgkbet4avsidnprks13gg7krtl1; _csrf=6ca7cab51c36b8032f5f36ba19adff90d20a05ef6ab8e968084b57270d00d353a%3A2%3A%7Bi%3A0%3Bs%3A5%3A%22_csrf%22%3Bi%3A1%3Bs%3A32%3A%22iIYKOmPCPVmVH6rQHskEvueXhaVzntw6%22%3B%7D'
    'PATH' => '/usr/local/sbin:/usr/local/bin:/usr/sbin:/usr/bin:/sbin:/bin'
    'SERVER_SIGNATURE' => ''
    'SERVER_SOFTWARE' => 'Apache'
    'SERVER_NAME' => '10.0.21.156'
    'SERVER_ADDR' => '10.0.21.156'
    'SERVER_PORT' => '80'
    'REMOTE_ADDR' => '10.0.21.210'
    'DOCUMENT_ROOT' => '/srv/www/htdocs'
    'REQUEST_SCHEME' => 'http'
    'CONTEXT_PREFIX' => ''
    'CONTEXT_DOCUMENT_ROOT' => '/srv/www/htdocs'
    'SERVER_ADMIN' => 'root@comp05'
    'SCRIPT_FILENAME' => '/srv/www/htdocs/warehouse/warehouse/war/frontend/web/index.php'
    'REMOTE_PORT' => '55392'
    'GATEWAY_INTERFACE' => 'CGI/1.1'
    'SERVER_PROTOCOL' => 'HTTP/1.1'
    'REQUEST_METHOD' => 'GET'
    'QUERY_STRING' => ''
    'REQUEST_URI' => '/warehouse/warehouse/war/frontend/web/index.php'
    'SCRIPT_NAME' => '/warehouse/warehouse/war/frontend/web/index.php'
    'PHP_SELF' => '/warehouse/warehouse/war/frontend/web/index.php'
    'REQUEST_TIME_FLOAT' => 1456924807.553
    'REQUEST_TIME' => 1456924807
]
2016-03-02 13:21:42 [10.0.21.210][4][-][warning][yii\debug\Module::checkAccess] Access to debugger is denied due to IP address restriction. The requesting IP address is 10.0.21.210
    in /srv/www/htdocs/warehouse/warehouse/war/frontend/views/layouts/main.php:79
    in /srv/www/htdocs/warehouse/warehouse/war/frontend/controllers/SiteController.php:75
2016-03-02 13:21:42 [10.0.21.210][4][-][info][application] $_COOKIE = [
    '_identity' => '93b34b7be9e7459d86ed1b87150f3ce97285277828c4e132ee5bfe121d498ffba:2:{i:0;s:9:\"_identity\";i:1;s:46:\"[4,\"Evi-pPCIfFFnnJCWgmkHzN3orLptLT4f\",2592000]\";}'
    'PHPSESSID' => 'kfae2np3vion0dtb1j6jl1v0dfgkbet4avsidnprks13gg7krtl1'
    '_csrf' => '6ca7cab51c36b8032f5f36ba19adff90d20a05ef6ab8e968084b57270d00d353a:2:{i:0;s:5:\"_csrf\";i:1;s:32:\"iIYKOmPCPVmVH6rQHskEvueXhaVzntw6\";}'
]

$_SESSION = [
    '__flash' => []
    '__returnUrl' => '/warehouse/store/backend/web/index.php'
    '__id' => 4
    '__captcha/site/captcha' => 'xilege'
    '__captcha/site/captchacount' => 1
]

$_SERVER = [
    'HTTP_HOST' => '10.0.21.156'
    'HTTP_CONNECTION' => 'keep-alive'
    'HTTP_CACHE_CONTROL' => 'max-age=0'
    'HTTP_ACCEPT' => 'text/html,application/xhtml+xml,application/xml;q=0.9,image/webp,*/*;q=0.8'
    'HTTP_UPGRADE_INSECURE_REQUESTS' => '1'
    'HTTP_USER_AGENT' => 'Mozilla/5.0 (Windows NT 6.1; WOW64) AppleWebKit/537.36 (KHTML, like Gecko) Chrome/48.0.2564.116 Safari/537.36'
    'HTTP_ACCEPT_ENCODING' => 'gzip, deflate, sdch'
    'HTTP_ACCEPT_LANGUAGE' => 'ru-RU,ru;q=0.8,en-US;q=0.6,en;q=0.4'
    'HTTP_COOKIE' => '_identity=93b34b7be9e7459d86ed1b87150f3ce97285277828c4e132ee5bfe121d498ffba%3A2%3A%7Bi%3A0%3Bs%3A9%3A%22_identity%22%3Bi%3A1%3Bs%3A46%3A%22%5B4%2C%22Evi-pPCIfFFnnJCWgmkHzN3orLptLT4f%22%2C2592000%5D%22%3B%7D; PHPSESSID=kfae2np3vion0dtb1j6jl1v0dfgkbet4avsidnprks13gg7krtl1; _csrf=6ca7cab51c36b8032f5f36ba19adff90d20a05ef6ab8e968084b57270d00d353a%3A2%3A%7Bi%3A0%3Bs%3A5%3A%22_csrf%22%3Bi%3A1%3Bs%3A32%3A%22iIYKOmPCPVmVH6rQHskEvueXhaVzntw6%22%3B%7D'
    'PATH' => '/usr/local/sbin:/usr/local/bin:/usr/sbin:/usr/bin:/sbin:/bin'
    'SERVER_SIGNATURE' => ''
    'SERVER_SOFTWARE' => 'Apache'
    'SERVER_NAME' => '10.0.21.156'
    'SERVER_ADDR' => '10.0.21.156'
    'SERVER_PORT' => '80'
    'REMOTE_ADDR' => '10.0.21.210'
    'DOCUMENT_ROOT' => '/srv/www/htdocs'
    'REQUEST_SCHEME' => 'http'
    'CONTEXT_PREFIX' => ''
    'CONTEXT_DOCUMENT_ROOT' => '/srv/www/htdocs'
    'SERVER_ADMIN' => 'root@comp05'
    'SCRIPT_FILENAME' => '/srv/www/htdocs/warehouse/warehouse/war/frontend/web/index.php'
    'REMOTE_PORT' => '55462'
    'GATEWAY_INTERFACE' => 'CGI/1.1'
    'SERVER_PROTOCOL' => 'HTTP/1.1'
    'REQUEST_METHOD' => 'GET'
    'QUERY_STRING' => ''
    'REQUEST_URI' => '/warehouse/warehouse/war/frontend/web/index.php'
    'SCRIPT_NAME' => '/warehouse/warehouse/war/frontend/web/index.php'
    'PHP_SELF' => '/warehouse/warehouse/war/frontend/web/index.php'
    'REQUEST_TIME_FLOAT' => 1456924902.041
    'REQUEST_TIME' => 1456924902
]
2016-03-02 13:27:07 [10.0.21.210][4][kfae2np3vion0dtb1j6jl1v0dfgkbet4avsidnprks13gg7krtl1][error][yii\web\HttpException:404] exception 'yii\base\InvalidRouteException' with message 'Unable to resolve the request "warehouse/warehouse/war/frontend/web/".' in /srv/www/htdocs/warehouse/warehouse/war/vendor/yiisoft/yii2/base/Module.php:460
Stack trace:
#0 /srv/www/htdocs/warehouse/warehouse/war/vendor/yiisoft/yii2/web/Application.php(84): yii\base\Module->runAction('warehouse/wareh...', Array)
#1 /srv/www/htdocs/warehouse/warehouse/war/vendor/yiisoft/yii2/base/Application.php(375): yii\web\Application->handleRequest(Object(yii\web\Request))
#2 /srv/www/htdocs/warehouse/warehouse/war/frontend/web/index.php(18): yii\base\Application->run()
#3 {main}

Next exception 'yii\web\NotFoundHttpException' with message 'Page not found.' in /srv/www/htdocs/warehouse/warehouse/war/vendor/yiisoft/yii2/web/Application.php:96
Stack trace:
#0 /srv/www/htdocs/warehouse/warehouse/war/vendor/yiisoft/yii2/base/Application.php(375): yii\web\Application->handleRequest(Object(yii\web\Request))
#1 /srv/www/htdocs/warehouse/warehouse/war/frontend/web/index.php(18): yii\base\Application->run()
#2 {main}
2016-03-02 13:27:07 [10.0.21.210][4][kfae2np3vion0dtb1j6jl1v0dfgkbet4avsidnprks13gg7krtl1][warning][yii\debug\Module::checkAccess] Access to debugger is denied due to IP address restriction. The requesting IP address is 10.0.21.210
    in /srv/www/htdocs/warehouse/warehouse/war/frontend/views/layouts/main.php:79
2016-03-02 13:27:07 [10.0.21.210][4][kfae2np3vion0dtb1j6jl1v0dfgkbet4avsidnprks13gg7krtl1][info][application] $_COOKIE = [
    '_identity' => '93b34b7be9e7459d86ed1b87150f3ce97285277828c4e132ee5bfe121d498ffba:2:{i:0;s:9:\"_identity\";i:1;s:46:\"[4,\"Evi-pPCIfFFnnJCWgmkHzN3orLptLT4f\",2592000]\";}'
    'PHPSESSID' => 'kfae2np3vion0dtb1j6jl1v0dfgkbet4avsidnprks13gg7krtl1'
    '_csrf' => '6ca7cab51c36b8032f5f36ba19adff90d20a05ef6ab8e968084b57270d00d353a:2:{i:0;s:5:\"_csrf\";i:1;s:32:\"iIYKOmPCPVmVH6rQHskEvueXhaVzntw6\";}'
]

$_SESSION = [
    '__flash' => []
    '__returnUrl' => '/warehouse/store/backend/web/index.php'
    '__id' => 4
    '__captcha/site/captcha' => 'xilege'
    '__captcha/site/captchacount' => 1
]

$_SERVER = [
    'HTTP_HOST' => '10.0.21.156'
    'HTTP_CONNECTION' => 'keep-alive'
    'HTTP_ACCEPT' => 'text/html,application/xhtml+xml,application/xml;q=0.9,image/webp,*/*;q=0.8'
    'HTTP_UPGRADE_INSECURE_REQUESTS' => '1'
    'HTTP_USER_AGENT' => 'Mozilla/5.0 (Windows NT 6.1; WOW64) AppleWebKit/537.36 (KHTML, like Gecko) Chrome/48.0.2564.116 Safari/537.36'
    'HTTP_ACCEPT_ENCODING' => 'gzip, deflate, sdch'
    'HTTP_ACCEPT_LANGUAGE' => 'ru-RU,ru;q=0.8,en-US;q=0.6,en;q=0.4'
    'HTTP_COOKIE' => '_identity=93b34b7be9e7459d86ed1b87150f3ce97285277828c4e132ee5bfe121d498ffba%3A2%3A%7Bi%3A0%3Bs%3A9%3A%22_identity%22%3Bi%3A1%3Bs%3A46%3A%22%5B4%2C%22Evi-pPCIfFFnnJCWgmkHzN3orLptLT4f%22%2C2592000%5D%22%3B%7D; PHPSESSID=kfae2np3vion0dtb1j6jl1v0dfgkbet4avsidnprks13gg7krtl1; _csrf=6ca7cab51c36b8032f5f36ba19adff90d20a05ef6ab8e968084b57270d00d353a%3A2%3A%7Bi%3A0%3Bs%3A5%3A%22_csrf%22%3Bi%3A1%3Bs%3A32%3A%22iIYKOmPCPVmVH6rQHskEvueXhaVzntw6%22%3B%7D'
    'PATH' => '/usr/local/sbin:/usr/local/bin:/usr/sbin:/usr/bin:/sbin:/bin'
    'SERVER_SIGNATURE' => ''
    'SERVER_SOFTWARE' => 'Apache'
    'SERVER_NAME' => '10.0.21.156'
    'SERVER_ADDR' => '10.0.21.156'
    'SERVER_PORT' => '80'
    'REMOTE_ADDR' => '10.0.21.210'
    'DOCUMENT_ROOT' => '/srv/www/htdocs'
    'REQUEST_SCHEME' => 'http'
    'CONTEXT_PREFIX' => ''
    'CONTEXT_DOCUMENT_ROOT' => '/srv/www/htdocs'
    'SERVER_ADMIN' => 'root@comp05'
    'SCRIPT_FILENAME' => '/srv/www/htdocs/warehouse/warehouse/war/frontend/web/index.php'
    'REMOTE_PORT' => '55488'
    'GATEWAY_INTERFACE' => 'CGI/1.1'
    'SERVER_PROTOCOL' => 'HTTP/1.1'
    'REQUEST_METHOD' => 'GET'
    'QUERY_STRING' => ''
    'REQUEST_URI' => '/warehouse/warehouse/war/frontend/web/'
    'SCRIPT_NAME' => '/warehouse/warehouse/war/frontend/web/index.php'
    'PHP_SELF' => '/warehouse/warehouse/war/frontend/web/index.php'
    'REQUEST_TIME_FLOAT' => 1456925227.681
    'REQUEST_TIME' => 1456925227
]
2016-03-02 13:28:17 [10.0.21.210][4][kfae2np3vion0dtb1j6jl1v0dfgkbet4avsidnprks13gg7krtl1][error][yii\web\HttpException:404] exception 'yii\base\InvalidRouteException' with message 'Unable to resolve the request "warehouse/warehouse/war/frontend/web/".' in /srv/www/htdocs/warehouse/warehouse/war/vendor/yiisoft/yii2/base/Module.php:460
Stack trace:
#0 /srv/www/htdocs/warehouse/warehouse/war/vendor/yiisoft/yii2/web/Application.php(84): yii\base\Module->runAction('warehouse/wareh...', Array)
#1 /srv/www/htdocs/warehouse/warehouse/war/vendor/yiisoft/yii2/base/Application.php(375): yii\web\Application->handleRequest(Object(yii\web\Request))
#2 /srv/www/htdocs/warehouse/warehouse/war/frontend/web/index.php(18): yii\base\Application->run()
#3 {main}

Next exception 'yii\web\NotFoundHttpException' with message 'Page not found.' in /srv/www/htdocs/warehouse/warehouse/war/vendor/yiisoft/yii2/web/Application.php:96
Stack trace:
#0 /srv/www/htdocs/warehouse/warehouse/war/vendor/yiisoft/yii2/base/Application.php(375): yii\web\Application->handleRequest(Object(yii\web\Request))
#1 /srv/www/htdocs/warehouse/warehouse/war/frontend/web/index.php(18): yii\base\Application->run()
#2 {main}
2016-03-02 13:28:17 [10.0.21.210][4][kfae2np3vion0dtb1j6jl1v0dfgkbet4avsidnprks13gg7krtl1][warning][yii\debug\Module::checkAccess] Access to debugger is denied due to IP address restriction. The requesting IP address is 10.0.21.210
    in /srv/www/htdocs/warehouse/warehouse/war/frontend/views/layouts/main.php:79
2016-03-02 13:28:17 [10.0.21.210][4][kfae2np3vion0dtb1j6jl1v0dfgkbet4avsidnprks13gg7krtl1][info][application] $_COOKIE = [
    '_identity' => '93b34b7be9e7459d86ed1b87150f3ce97285277828c4e132ee5bfe121d498ffba:2:{i:0;s:9:\"_identity\";i:1;s:46:\"[4,\"Evi-pPCIfFFnnJCWgmkHzN3orLptLT4f\",2592000]\";}'
    'PHPSESSID' => 'kfae2np3vion0dtb1j6jl1v0dfgkbet4avsidnprks13gg7krtl1'
    '_csrf' => '6ca7cab51c36b8032f5f36ba19adff90d20a05ef6ab8e968084b57270d00d353a:2:{i:0;s:5:\"_csrf\";i:1;s:32:\"iIYKOmPCPVmVH6rQHskEvueXhaVzntw6\";}'
]

$_SESSION = [
    '__flash' => []
    '__returnUrl' => '/warehouse/store/backend/web/index.php'
    '__id' => 4
    '__captcha/site/captcha' => 'xilege'
    '__captcha/site/captchacount' => 1
]

$_SERVER = [
    'HTTP_HOST' => '10.0.21.156'
    'HTTP_CONNECTION' => 'keep-alive'
    'HTTP_CACHE_CONTROL' => 'max-age=0'
    'HTTP_ACCEPT' => 'text/html,application/xhtml+xml,application/xml;q=0.9,image/webp,*/*;q=0.8'
    'HTTP_UPGRADE_INSECURE_REQUESTS' => '1'
    'HTTP_USER_AGENT' => 'Mozilla/5.0 (Windows NT 6.1; WOW64) AppleWebKit/537.36 (KHTML, like Gecko) Chrome/48.0.2564.116 Safari/537.36'
    'HTTP_ACCEPT_ENCODING' => 'gzip, deflate, sdch'
    'HTTP_ACCEPT_LANGUAGE' => 'ru-RU,ru;q=0.8,en-US;q=0.6,en;q=0.4'
    'HTTP_COOKIE' => '_identity=93b34b7be9e7459d86ed1b87150f3ce97285277828c4e132ee5bfe121d498ffba%3A2%3A%7Bi%3A0%3Bs%3A9%3A%22_identity%22%3Bi%3A1%3Bs%3A46%3A%22%5B4%2C%22Evi-pPCIfFFnnJCWgmkHzN3orLptLT4f%22%2C2592000%5D%22%3B%7D; PHPSESSID=kfae2np3vion0dtb1j6jl1v0dfgkbet4avsidnprks13gg7krtl1; _csrf=6ca7cab51c36b8032f5f36ba19adff90d20a05ef6ab8e968084b57270d00d353a%3A2%3A%7Bi%3A0%3Bs%3A5%3A%22_csrf%22%3Bi%3A1%3Bs%3A32%3A%22iIYKOmPCPVmVH6rQHskEvueXhaVzntw6%22%3B%7D'
    'PATH' => '/usr/local/sbin:/usr/local/bin:/usr/sbin:/usr/bin:/sbin:/bin'
    'SERVER_SIGNATURE' => ''
    'SERVER_SOFTWARE' => 'Apache'
    'SERVER_NAME' => '10.0.21.156'
    'SERVER_ADDR' => '10.0.21.156'
    'SERVER_PORT' => '80'
    'REMOTE_ADDR' => '10.0.21.210'
    'DOCUMENT_ROOT' => '/srv/www/htdocs'
    'REQUEST_SCHEME' => 'http'
    'CONTEXT_PREFIX' => ''
    'CONTEXT_DOCUMENT_ROOT' => '/srv/www/htdocs'
    'SERVER_ADMIN' => 'root@comp05'
    'SCRIPT_FILENAME' => '/srv/www/htdocs/warehouse/warehouse/war/frontend/web/index.php'
    'REMOTE_PORT' => '55498'
    'GATEWAY_INTERFACE' => 'CGI/1.1'
    'SERVER_PROTOCOL' => 'HTTP/1.1'
    'REQUEST_METHOD' => 'GET'
    'QUERY_STRING' => ''
    'REQUEST_URI' => '/warehouse/warehouse/war/frontend/web/'
    'SCRIPT_NAME' => '/warehouse/warehouse/war/frontend/web/index.php'
    'PHP_SELF' => '/warehouse/warehouse/war/frontend/web/index.php'
    'REQUEST_TIME_FLOAT' => 1456925297.239
    'REQUEST_TIME' => 1456925297
]
2016-03-02 13:42:28 [10.0.21.210][4][kfae2np3vion0dtb1j6jl1v0dfgkbet4avsidnprks13gg7krtl1][error][yii\web\HttpException:404] exception 'yii\base\InvalidRouteException' with message 'Unable to resolve the request "warehouse/warehouse/war/frontend/web/".' in /srv/www/htdocs/warehouse/warehouse/war/vendor/yiisoft/yii2/base/Module.php:460
Stack trace:
#0 /srv/www/htdocs/warehouse/warehouse/war/vendor/yiisoft/yii2/web/Application.php(84): yii\base\Module->runAction('warehouse/wareh...', Array)
#1 /srv/www/htdocs/warehouse/warehouse/war/vendor/yiisoft/yii2/base/Application.php(375): yii\web\Application->handleRequest(Object(yii\web\Request))
#2 /srv/www/htdocs/warehouse/warehouse/war/frontend/web/index.php(18): yii\base\Application->run()
#3 {main}

Next exception 'yii\web\NotFoundHttpException' with message 'Page not found.' in /srv/www/htdocs/warehouse/warehouse/war/vendor/yiisoft/yii2/web/Application.php:96
Stack trace:
#0 /srv/www/htdocs/warehouse/warehouse/war/vendor/yiisoft/yii2/base/Application.php(375): yii\web\Application->handleRequest(Object(yii\web\Request))
#1 /srv/www/htdocs/warehouse/warehouse/war/frontend/web/index.php(18): yii\base\Application->run()
#2 {main}
2016-03-02 13:42:28 [10.0.21.210][4][kfae2np3vion0dtb1j6jl1v0dfgkbet4avsidnprks13gg7krtl1][warning][yii\debug\Module::checkAccess] Access to debugger is denied due to IP address restriction. The requesting IP address is 10.0.21.210
    in /srv/www/htdocs/warehouse/warehouse/war/frontend/views/layouts/main.php:79
2016-03-02 13:42:28 [10.0.21.210][4][kfae2np3vion0dtb1j6jl1v0dfgkbet4avsidnprks13gg7krtl1][info][application] $_COOKIE = [
    '_identity' => '93b34b7be9e7459d86ed1b87150f3ce97285277828c4e132ee5bfe121d498ffba:2:{i:0;s:9:\"_identity\";i:1;s:46:\"[4,\"Evi-pPCIfFFnnJCWgmkHzN3orLptLT4f\",2592000]\";}'
    'PHPSESSID' => 'kfae2np3vion0dtb1j6jl1v0dfgkbet4avsidnprks13gg7krtl1'
    '_csrf' => '26cf31285e1ce6e35b5166b4dc1bbf15a2c82d6d141943474e163df62149d5bea:2:{i:0;s:5:\"_csrf\";i:1;s:32:\"NE096U0hWa5s9FlB3ulgMIVvqswWDts3\";}'
]

$_SESSION = [
    '__flash' => []
    '__returnUrl' => '/warehouse/store/backend/web/index.php'
    '__id' => 4
    '__captcha/site/captcha' => 'xilege'
    '__captcha/site/captchacount' => 1
]

$_SERVER = [
    'HTTP_HOST' => '10.0.21.156'
    'HTTP_CONNECTION' => 'keep-alive'
    'HTTP_ACCEPT' => 'text/html,application/xhtml+xml,application/xml;q=0.9,image/webp,*/*;q=0.8'
    'HTTP_UPGRADE_INSECURE_REQUESTS' => '1'
    'HTTP_USER_AGENT' => 'Mozilla/5.0 (Windows NT 6.1; WOW64) AppleWebKit/537.36 (KHTML, like Gecko) Chrome/48.0.2564.116 Safari/537.36'
    'HTTP_ACCEPT_ENCODING' => 'gzip, deflate, sdch'
    'HTTP_ACCEPT_LANGUAGE' => 'ru-RU,ru;q=0.8,en-US;q=0.6,en;q=0.4'
    'HTTP_COOKIE' => '_identity=93b34b7be9e7459d86ed1b87150f3ce97285277828c4e132ee5bfe121d498ffba%3A2%3A%7Bi%3A0%3Bs%3A9%3A%22_identity%22%3Bi%3A1%3Bs%3A46%3A%22%5B4%2C%22Evi-pPCIfFFnnJCWgmkHzN3orLptLT4f%22%2C2592000%5D%22%3B%7D; PHPSESSID=kfae2np3vion0dtb1j6jl1v0dfgkbet4avsidnprks13gg7krtl1; _csrf=26cf31285e1ce6e35b5166b4dc1bbf15a2c82d6d141943474e163df62149d5bea%3A2%3A%7Bi%3A0%3Bs%3A5%3A%22_csrf%22%3Bi%3A1%3Bs%3A32%3A%22NE096U0hWa5s9FlB3ulgMIVvqswWDts3%22%3B%7D'
    'PATH' => '/usr/local/sbin:/usr/local/bin:/usr/sbin:/usr/bin:/sbin:/bin'
    'SERVER_SIGNATURE' => ''
    'SERVER_SOFTWARE' => 'Apache'
    'SERVER_NAME' => '10.0.21.156'
    'SERVER_ADDR' => '10.0.21.156'
    'SERVER_PORT' => '80'
    'REMOTE_ADDR' => '10.0.21.210'
    'DOCUMENT_ROOT' => '/srv/www/htdocs'
    'REQUEST_SCHEME' => 'http'
    'CONTEXT_PREFIX' => ''
    'CONTEXT_DOCUMENT_ROOT' => '/srv/www/htdocs'
    'SERVER_ADMIN' => 'root@comp05'
    'SCRIPT_FILENAME' => '/srv/www/htdocs/warehouse/warehouse/war/frontend/web/index.php'
    'REMOTE_PORT' => '55689'
    'GATEWAY_INTERFACE' => 'CGI/1.1'
    'SERVER_PROTOCOL' => 'HTTP/1.1'
    'REQUEST_METHOD' => 'GET'
    'QUERY_STRING' => ''
    'REQUEST_URI' => '/warehouse/warehouse/war/frontend/web/'
    'SCRIPT_NAME' => '/warehouse/warehouse/war/frontend/web/index.php'
    'PHP_SELF' => '/warehouse/warehouse/war/frontend/web/index.php'
    'REQUEST_TIME_FLOAT' => 1456926148.287
    'REQUEST_TIME' => 1456926148
]
2016-03-02 13:42:31 [10.0.21.210][4][-][warning][yii\debug\Module::checkAccess] Access to debugger is denied due to IP address restriction. The requesting IP address is 10.0.21.210
    in /srv/www/htdocs/warehouse/warehouse/war/frontend/views/layouts/main.php:79
    in /srv/www/htdocs/warehouse/warehouse/war/frontend/controllers/SiteController.php:75
2016-03-02 13:42:31 [10.0.21.210][4][-][info][application] $_COOKIE = [
    '_identity' => '93b34b7be9e7459d86ed1b87150f3ce97285277828c4e132ee5bfe121d498ffba:2:{i:0;s:9:\"_identity\";i:1;s:46:\"[4,\"Evi-pPCIfFFnnJCWgmkHzN3orLptLT4f\",2592000]\";}'
    'PHPSESSID' => 'kfae2np3vion0dtb1j6jl1v0dfgkbet4avsidnprks13gg7krtl1'
    '_csrf' => '7a833c4e78df825beb2fcbcebddc399d04bc8b5af21b490e2272e72574d8ea13a:2:{i:0;s:5:\"_csrf\";i:1;s:32:\"PPxqNJT1Oro19ICB1QhFFu-8etuk5Yse\";}'
]

$_SESSION = [
    '__flash' => []
    '__returnUrl' => '/warehouse/store/backend/web/index.php'
    '__id' => 4
    '__captcha/site/captcha' => 'xilege'
    '__captcha/site/captchacount' => 1
]

$_SERVER = [
    'HTTP_HOST' => '10.0.21.156'
    'HTTP_CONNECTION' => 'keep-alive'
    'HTTP_ACCEPT' => 'text/html,application/xhtml+xml,application/xml;q=0.9,image/webp,*/*;q=0.8'
    'HTTP_UPGRADE_INSECURE_REQUESTS' => '1'
    'HTTP_USER_AGENT' => 'Mozilla/5.0 (Windows NT 6.1; WOW64) AppleWebKit/537.36 (KHTML, like Gecko) Chrome/48.0.2564.116 Safari/537.36'
    'HTTP_ACCEPT_ENCODING' => 'gzip, deflate, sdch'
    'HTTP_ACCEPT_LANGUAGE' => 'ru-RU,ru;q=0.8,en-US;q=0.6,en;q=0.4'
    'HTTP_COOKIE' => '_identity=93b34b7be9e7459d86ed1b87150f3ce97285277828c4e132ee5bfe121d498ffba%3A2%3A%7Bi%3A0%3Bs%3A9%3A%22_identity%22%3Bi%3A1%3Bs%3A46%3A%22%5B4%2C%22Evi-pPCIfFFnnJCWgmkHzN3orLptLT4f%22%2C2592000%5D%22%3B%7D; PHPSESSID=kfae2np3vion0dtb1j6jl1v0dfgkbet4avsidnprks13gg7krtl1; _csrf=7a833c4e78df825beb2fcbcebddc399d04bc8b5af21b490e2272e72574d8ea13a%3A2%3A%7Bi%3A0%3Bs%3A5%3A%22_csrf%22%3Bi%3A1%3Bs%3A32%3A%22PPxqNJT1Oro19ICB1QhFFu-8etuk5Yse%22%3B%7D'
    'PATH' => '/usr/local/sbin:/usr/local/bin:/usr/sbin:/usr/bin:/sbin:/bin'
    'SERVER_SIGNATURE' => ''
    'SERVER_SOFTWARE' => 'Apache'
    'SERVER_NAME' => '10.0.21.156'
    'SERVER_ADDR' => '10.0.21.156'
    'SERVER_PORT' => '80'
    'REMOTE_ADDR' => '10.0.21.210'
    'DOCUMENT_ROOT' => '/srv/www/htdocs'
    'REQUEST_SCHEME' => 'http'
    'CONTEXT_PREFIX' => ''
    'CONTEXT_DOCUMENT_ROOT' => '/srv/www/htdocs'
    'SERVER_ADMIN' => 'root@comp05'
    'SCRIPT_FILENAME' => '/srv/www/htdocs/warehouse/warehouse/war/frontend/web/index.php'
    'REMOTE_PORT' => '55689'
    'GATEWAY_INTERFACE' => 'CGI/1.1'
    'SERVER_PROTOCOL' => 'HTTP/1.1'
    'REQUEST_METHOD' => 'GET'
    'QUERY_STRING' => ''
    'REQUEST_URI' => '/warehouse/warehouse/war/frontend/web/index.php'
    'SCRIPT_NAME' => '/warehouse/warehouse/war/frontend/web/index.php'
    'PHP_SELF' => '/warehouse/warehouse/war/frontend/web/index.php'
    'REQUEST_TIME_FLOAT' => 1456926151.865
    'REQUEST_TIME' => 1456926151
]
2016-03-02 13:53:15 [10.0.21.210][4][-][warning][yii\debug\Module::checkAccess] Access to debugger is denied due to IP address restriction. The requesting IP address is 10.0.21.210
    in /srv/www/htdocs/warehouse/warehouse/war/frontend/views/layouts/main.php:79
    in /srv/www/htdocs/warehouse/warehouse/war/frontend/controllers/SiteController.php:75
2016-03-02 13:53:15 [10.0.21.210][4][-][info][application] $_GET = [
    'r' => 'gii'
]

$_COOKIE = [
    '_identity' => '93b34b7be9e7459d86ed1b87150f3ce97285277828c4e132ee5bfe121d498ffba:2:{i:0;s:9:\"_identity\";i:1;s:46:\"[4,\"Evi-pPCIfFFnnJCWgmkHzN3orLptLT4f\",2592000]\";}'
    'PHPSESSID' => 'kfae2np3vion0dtb1j6jl1v0dfgkbet4avsidnprks13gg7krtl1'
    '_csrf' => '7a833c4e78df825beb2fcbcebddc399d04bc8b5af21b490e2272e72574d8ea13a:2:{i:0;s:5:\"_csrf\";i:1;s:32:\"PPxqNJT1Oro19ICB1QhFFu-8etuk5Yse\";}'
]

$_SESSION = [
    '__flash' => []
    '__returnUrl' => '/warehouse/store/backend/web/index.php'
    '__id' => 4
    '__captcha/site/captcha' => 'xilege'
    '__captcha/site/captchacount' => 1
]

$_SERVER = [
    'HTTP_HOST' => '10.0.21.156'
    'HTTP_CONNECTION' => 'keep-alive'
    'HTTP_ACCEPT' => 'text/html,application/xhtml+xml,application/xml;q=0.9,image/webp,*/*;q=0.8'
    'HTTP_UPGRADE_INSECURE_REQUESTS' => '1'
    'HTTP_USER_AGENT' => 'Mozilla/5.0 (Windows NT 6.1; WOW64) AppleWebKit/537.36 (KHTML, like Gecko) Chrome/48.0.2564.116 Safari/537.36'
    'HTTP_ACCEPT_ENCODING' => 'gzip, deflate, sdch'
    'HTTP_ACCEPT_LANGUAGE' => 'ru-RU,ru;q=0.8,en-US;q=0.6,en;q=0.4'
    'HTTP_COOKIE' => '_identity=93b34b7be9e7459d86ed1b87150f3ce97285277828c4e132ee5bfe121d498ffba%3A2%3A%7Bi%3A0%3Bs%3A9%3A%22_identity%22%3Bi%3A1%3Bs%3A46%3A%22%5B4%2C%22Evi-pPCIfFFnnJCWgmkHzN3orLptLT4f%22%2C2592000%5D%22%3B%7D; PHPSESSID=kfae2np3vion0dtb1j6jl1v0dfgkbet4avsidnprks13gg7krtl1; _csrf=7a833c4e78df825beb2fcbcebddc399d04bc8b5af21b490e2272e72574d8ea13a%3A2%3A%7Bi%3A0%3Bs%3A5%3A%22_csrf%22%3Bi%3A1%3Bs%3A32%3A%22PPxqNJT1Oro19ICB1QhFFu-8etuk5Yse%22%3B%7D'
    'PATH' => '/usr/local/sbin:/usr/local/bin:/usr/sbin:/usr/bin:/sbin:/bin'
    'SERVER_SIGNATURE' => ''
    'SERVER_SOFTWARE' => 'Apache'
    'SERVER_NAME' => '10.0.21.156'
    'SERVER_ADDR' => '10.0.21.156'
    'SERVER_PORT' => '80'
    'REMOTE_ADDR' => '10.0.21.210'
    'DOCUMENT_ROOT' => '/srv/www/htdocs'
    'REQUEST_SCHEME' => 'http'
    'CONTEXT_PREFIX' => ''
    'CONTEXT_DOCUMENT_ROOT' => '/srv/www/htdocs'
    'SERVER_ADMIN' => 'root@comp05'
    'SCRIPT_FILENAME' => '/srv/www/htdocs/warehouse/warehouse/war/frontend/web/index.php'
    'REMOTE_PORT' => '55972'
    'GATEWAY_INTERFACE' => 'CGI/1.1'
    'SERVER_PROTOCOL' => 'HTTP/1.1'
    'REQUEST_METHOD' => 'GET'
    'QUERY_STRING' => 'r=gii'
    'REQUEST_URI' => '/warehouse/warehouse/war/frontend/web/index.php?r=gii'
    'SCRIPT_NAME' => '/warehouse/warehouse/war/frontend/web/index.php'
    'PHP_SELF' => '/warehouse/warehouse/war/frontend/web/index.php'
    'REQUEST_TIME_FLOAT' => 1456926795.45
    'REQUEST_TIME' => 1456926795
]
